<?xml version="1.0" encoding="UTF-8"?>
<!-- Generated by org.testng.reporters.JUnitReportReporter -->
<testsuite hostname="Waqas" failures="0" tests="1" name="Oct30_session.Extra_Learning_testNG" time="0.558" errors="0" timestamp="2022-11-01T19:51:35 EDT" skipped="0">
  <testcase classname="Oct30_session.Extra_Learning_testNG" name="SetUp" time="0.558"/>
  <system-out/>
</testsuite> <!-- Oct30_session.Extra_Learning_testNG -->
