<?xml version="1.0" encoding="UTF-8"?>
<!-- Generated by org.testng.reporters.JUnitReportReporter -->
<testsuite hostname="Waqas" failures="0" tests="5" name="assignments.Second_TestNG_Program" time="2.222" errors="0" timestamp="2022-11-01T22:12:05 EDT" skipped="0">
  <testcase classname="assignments.Second_TestNG_Program" name="ConfirmBrowser" time="0.010"/>
  <system-out/>
  <testcase classname="assignments.Second_TestNG_Program" name="ClickSignInButton" time="0.747"/>
  <system-out/>
  <testcase classname="assignments.Second_TestNG_Program" name="CreateAccount" time="0.777"/>
  <system-out/>
  <testcase classname="assignments.Second_TestNG_Program" name="EnterFirstLastName" time="0.388"/>
  <system-out/>
  <testcase classname="assignments.Second_TestNG_Program" name="EnterUsernamePassword" time="0.300"/>
  <system-out/>
</testsuite> <!-- assignments.Second_TestNG_Program -->
