<?xml version="1.0" encoding="UTF-8"?>
<!-- Generated by org.testng.reporters.JUnitReportReporter -->
<testsuite hostname="Waqas" failures="0" tests="1" name="nov06_Session.CSS_Selectors" time="5.025" errors="0" timestamp="2022-11-06T14:03:19 EST" skipped="0">
  <testcase classname="nov06_Session.CSS_Selectors" name="SignIn" time="5.025"/>
  <system-out/>
</testsuite> <!-- nov06_Session.CSS_Selectors -->
