<?xml version="1.0" encoding="UTF-8"?>
<!-- Generated by org.testng.reporters.JUnitReportReporter -->
<testsuite hostname="Waqas" failures="0" tests="4" name="assignment_nov06.AutoPractice_FlowUsingCSS_Selectors" time="34.738" errors="0" timestamp="2022-11-11T11:28:11 EST" skipped="0">
  <testcase classname="assignment_nov06.AutoPractice_FlowUsingCSS_Selectors" name="CheckURL" time="0.011"/>
  <system-out/>
  <testcase classname="assignment_nov06.AutoPractice_FlowUsingCSS_Selectors" name="SignIn" time="0.871"/>
  <system-out/>
  <testcase classname="assignment_nov06.AutoPractice_FlowUsingCSS_Selectors" name="CreateAccount" time="9.191"/>
  <system-out/>
  <testcase classname="assignment_nov06.AutoPractice_FlowUsingCSS_Selectors" name="UserCredentials" time="24.665"/>
  <system-out/>
</testsuite> <!-- assignment_nov06.AutoPractice_FlowUsingCSS_Selectors -->
