<?xml version="1.0" encoding="UTF-8"?>
<!-- Generated by org.testng.reporters.JUnitReportReporter -->
<testsuite hostname="Waqas" failures="0" tests="2" name="nov13_Session.Rediff_Recording" time="14.881" errors="0" timestamp="2022-11-13T15:17:39 EST" skipped="0">
  <testcase classname="nov13_Session.Rediff_Recording" name="test" time="4.962"/>
  <system-out/>
  <testcase classname="nov13_Session.Rediff_Recording" name="test" time="9.919"/>
  <system-out/>
</testsuite> <!-- nov13_Session.Rediff_Recording -->
