<?xml version="1.0" encoding="UTF-8"?>
<!-- Generated by org.testng.reporters.JUnitReportReporter -->
<testsuite hostname="Waqas" failures="0" tests="5" name="assignments.First_TestNG_Program" time="14.714" errors="0" timestamp="2022-11-01T20:54:42 EDT" skipped="0">
  <testcase classname="assignments.First_TestNG_Program" name="ConfirmBrowser" time="0.015"/>
  <system-out/>
  <testcase classname="assignments.First_TestNG_Program" name="ClickSignInButton" time="1.565"/>
  <system-out/>
  <testcase classname="assignments.First_TestNG_Program" name="EnterUsernamePassword" time="8.232"/>
  <system-out/>
  <testcase classname="assignments.First_TestNG_Program" name="LogOut" time="2.862"/>
  <system-out/>
  <testcase classname="assignments.First_TestNG_Program" name="GoToHomePage" time="2.040"/>
  <system-out/>
</testsuite> <!-- assignments.First_TestNG_Program -->
