<?xml version="1.0" encoding="UTF-8"?>
<!-- Generated by org.testng.reporters.JUnitReportReporter -->
<testsuite hostname="Waqas" failures="0" tests="5" name="assignments.Fourth_TestNG_Assignment" time="3.123" errors="0" timestamp="2022-11-02T00:34:08 EDT" skipped="0">
  <testcase classname="assignments.Fourth_TestNG_Assignment" name="ConfirmBrowser" time="0.011"/>
  <system-out/>
  <testcase classname="assignments.Fourth_TestNG_Assignment" name="MatchSchedule" time="0.827"/>
  <system-out/>
  <testcase classname="assignments.Fourth_TestNG_Assignment" name="GoToHomePage" time="1.195"/>
  <system-out/>
  <testcase classname="assignments.Fourth_TestNG_Assignment" name="ICCRankings" time="0.240"/>
  <system-out/>
  <testcase classname="assignments.Fourth_TestNG_Assignment" name="Login" time="0.850"/>
  <system-out/>
</testsuite> <!-- assignments.Fourth_TestNG_Assignment -->
