<?xml version="1.0" encoding="UTF-8"?>
<!-- Generated by org.testng.reporters.JUnitReportReporter -->
<testsuite hostname="Waqas" failures="0" tests="5" name="assignments.Third_TestNG_Program" time="4.019" errors="0" timestamp="2022-11-01T23:22:40 EDT" skipped="0">
  <testcase classname="assignments.Third_TestNG_Program" name="ConfirmBrowser" time="0.017"/>
  <system-out/>
  <testcase classname="assignments.Third_TestNG_Program" name="SearchMobile" time="1.634"/>
  <system-out/>
  <testcase classname="assignments.Third_TestNG_Program" name="GoToHomePage" time="1.031"/>
  <system-out/>
  <testcase classname="assignments.Third_TestNG_Program" name="EnterCart" time="0.887"/>
  <system-out/>
  <testcase classname="assignments.Third_TestNG_Program" name="SignIntoAccount" time="0.450"/>
  <system-out/>
</testsuite> <!-- assignments.Third_TestNG_Program -->
